2022-01-09 22:36:17.837 [main] INFO  com.miladjafari.price.InMemoryPriceService - The batch transaction has been created for [main] thread
2022-01-09 22:36:17.842 [main] INFO  com.miladjafari.price.InMemoryPriceService - Start committing the transaction [main] ...
2022-01-09 22:36:17.843 [main] INFO  com.miladjafari.price.InMemoryPriceService - Transaction [main] has been successfully committed
2022-01-09 22:37:22.318 [main] INFO  com.miladjafari.price.InMemoryPriceService - The batch transaction has been created for [main] thread
2022-01-09 22:37:22.321 [main] INFO  com.miladjafari.price.InMemoryPriceService - Start committing the transaction [main] ...
2022-01-09 22:37:22.322 [main] INFO  com.miladjafari.price.InMemoryPriceService - Transaction [main] has been successfully committed
2022-01-09 22:37:49.502 [pool-2-thread-2] INFO  com.miladjafari.price.InMemoryPriceService - The batch transaction has been created for [pool-2-thread-2] thread
2022-01-09 22:37:49.502 [pool-2-thread-1] INFO  com.miladjafari.price.InMemoryPriceService - The batch transaction has been created for [pool-2-thread-1] thread
2022-01-09 22:37:49.508 [pool-2-thread-1] INFO  com.miladjafari.price.InMemoryPriceService - Start committing the transaction [pool-2-thread-1] ...
2022-01-09 22:37:49.510 [pool-2-thread-1] INFO  com.miladjafari.price.InMemoryPriceService - Transaction [pool-2-thread-1] has been successfully committed
2022-01-09 22:40:30.868 [pool-2-thread-2] ERROR com.miladjafari.price.InMemoryPriceService - Could not found any transaction for thread [pool-2-thread-2]
2022-01-09 22:40:30.868 [pool-2-thread-1] INFO  com.miladjafari.price.InMemoryPriceService - The batch transaction has been created for [pool-2-thread-1] thread
2022-01-09 22:40:30.872 [pool-2-thread-1] INFO  com.miladjafari.price.InMemoryPriceService - Start committing the transaction [pool-2-thread-1] ...
2022-01-09 22:40:30.873 [pool-2-thread-1] INFO  com.miladjafari.price.InMemoryPriceService - Transaction [pool-2-thread-1] has been successfully committed
2022-01-09 22:41:04.476 [pool-2-thread-2] INFO  com.miladjafari.price.InMemoryPriceService - The batch transaction has been created for [pool-2-thread-2] thread
2022-01-09 22:41:04.476 [pool-2-thread-1] INFO  com.miladjafari.price.InMemoryPriceService - The batch transaction has been created for [pool-2-thread-1] thread
2022-01-09 22:41:04.486 [pool-2-thread-1] INFO  com.miladjafari.price.InMemoryPriceService - Start committing the transaction [pool-2-thread-1] ...
2022-01-09 22:41:04.487 [pool-2-thread-1] INFO  com.miladjafari.price.InMemoryPriceService - Transaction [pool-2-thread-1] has been successfully committed
2022-01-09 22:41:12.798 [pool-2-thread-2] INFO  com.miladjafari.price.InMemoryPriceService - The batch transaction has been created for [pool-2-thread-2] thread
2022-01-09 22:41:12.798 [pool-2-thread-1] INFO  com.miladjafari.price.InMemoryPriceService - The batch transaction has been created for [pool-2-thread-1] thread
2022-01-09 22:41:12.804 [pool-2-thread-1] INFO  com.miladjafari.price.InMemoryPriceService - Start committing the transaction [pool-2-thread-1] ...
2022-01-09 22:41:12.810 [pool-2-thread-1] INFO  com.miladjafari.price.InMemoryPriceService - Transaction [pool-2-thread-1] has been successfully committed
2022-01-09 22:43:05.462 [pool-2-thread-2] INFO  com.miladjafari.price.InMemoryPriceService - The batch transaction has been created for [pool-2-thread-2] thread
2022-01-09 22:43:05.462 [pool-2-thread-1] INFO  com.miladjafari.price.InMemoryPriceService - The batch transaction has been created for [pool-2-thread-1] thread
2022-01-09 22:43:05.476 [pool-2-thread-1] INFO  com.miladjafari.price.InMemoryPriceService - Start committing the transaction [pool-2-thread-1] ...
2022-01-09 22:43:05.479 [pool-2-thread-1] INFO  com.miladjafari.price.InMemoryPriceService - Transaction [pool-2-thread-1] has been successfully committed
2022-01-09 22:43:33.627 [pool-2-thread-2] INFO  com.miladjafari.price.InMemoryPriceService - The batch transaction has been created for [pool-2-thread-2] thread
2022-01-09 22:43:33.627 [pool-2-thread-1] INFO  com.miladjafari.price.InMemoryPriceService - The batch transaction has been created for [pool-2-thread-1] thread
2022-01-09 22:43:33.632 [pool-2-thread-1] INFO  com.miladjafari.price.InMemoryPriceService - Start committing the transaction [pool-2-thread-1] ...
2022-01-09 22:43:33.633 [pool-2-thread-1] INFO  com.miladjafari.price.InMemoryPriceService - Transaction [pool-2-thread-1] has been successfully committed
2022-01-09 22:46:09.517 [pool-2-thread-2] INFO  com.miladjafari.price.InMemoryPriceService - The batch transaction has been created for [pool-2-thread-2] thread
2022-01-09 22:46:09.517 [pool-2-thread-1] INFO  com.miladjafari.price.InMemoryPriceService - The batch transaction has been created for [pool-2-thread-1] thread
2022-01-09 22:46:09.523 [pool-2-thread-2] INFO  com.miladjafari.price.InMemoryPriceService - Start committing the transaction [pool-2-thread-2] ...
2022-01-09 22:46:09.525 [pool-2-thread-2] INFO  com.miladjafari.price.InMemoryPriceService - Transaction [pool-2-thread-2] has been successfully committed
2022-01-09 22:46:09.526 [pool-2-thread-1] INFO  com.miladjafari.price.InMemoryPriceService - Start committing the transaction [pool-2-thread-1] ...
2022-01-09 22:46:09.527 [pool-2-thread-1] INFO  com.miladjafari.price.InMemoryPriceService - Transaction [pool-2-thread-1] has been successfully committed
2022-01-09 22:54:27.913 [pool-2-thread-1] INFO  com.miladjafari.price.InMemoryPriceService - The batch transaction has been created for [pool-2-thread-1] thread
2022-01-09 22:54:27.913 [pool-2-thread-2] INFO  com.miladjafari.price.InMemoryPriceService - The batch transaction has been created for [pool-2-thread-2] thread
2022-01-09 22:54:27.918 [pool-2-thread-2] INFO  com.miladjafari.price.InMemoryPriceService - Start committing the transaction [pool-2-thread-2] ...
2022-01-09 22:54:27.919 [pool-2-thread-2] INFO  com.miladjafari.price.InMemoryPriceService - Transaction [pool-2-thread-2] has been successfully committed
2022-01-09 22:54:27.919 [pool-2-thread-1] INFO  com.miladjafari.price.InMemoryPriceService - Start committing the transaction [pool-2-thread-1] ...
2022-01-09 22:54:27.919 [pool-2-thread-1] INFO  com.miladjafari.price.InMemoryPriceService - Transaction [pool-2-thread-1] has been successfully committed
2022-01-09 22:54:41.400 [pool-2-thread-2] INFO  com.miladjafari.price.InMemoryPriceService - The batch transaction has been created for [pool-2-thread-2] thread
2022-01-09 22:54:41.400 [pool-2-thread-1] INFO  com.miladjafari.price.InMemoryPriceService - The batch transaction has been created for [pool-2-thread-1] thread
2022-01-09 22:54:41.404 [pool-2-thread-2] INFO  com.miladjafari.price.InMemoryPriceService - Start committing the transaction [pool-2-thread-2] ...
2022-01-09 22:54:41.405 [pool-2-thread-2] INFO  com.miladjafari.price.InMemoryPriceService - Transaction [pool-2-thread-2] has been successfully committed
2022-01-09 22:54:41.405 [pool-2-thread-1] INFO  com.miladjafari.price.InMemoryPriceService - Start committing the transaction [pool-2-thread-1] ...
2022-01-09 22:54:41.405 [pool-2-thread-1] INFO  com.miladjafari.price.InMemoryPriceService - Transaction [pool-2-thread-1] has been successfully committed
2022-01-09 22:55:02.762 [pool-2-thread-1] INFO  com.miladjafari.price.InMemoryPriceService - The batch transaction has been created for [pool-2-thread-1] thread
2022-01-09 22:55:02.762 [pool-2-thread-2] INFO  com.miladjafari.price.InMemoryPriceService - The batch transaction has been created for [pool-2-thread-2] thread
2022-01-09 22:55:02.766 [pool-2-thread-2] INFO  com.miladjafari.price.InMemoryPriceService - Start committing the transaction [pool-2-thread-2] ...
2022-01-09 22:55:02.766 [pool-2-thread-1] INFO  com.miladjafari.price.InMemoryPriceService - Start committing the transaction [pool-2-thread-1] ...
2022-01-09 22:55:02.766 [pool-2-thread-2] INFO  com.miladjafari.price.InMemoryPriceService - Transaction [pool-2-thread-2] has been successfully committed
2022-01-09 22:55:02.766 [pool-2-thread-1] INFO  com.miladjafari.price.InMemoryPriceService - Transaction [pool-2-thread-1] has been successfully committed
2022-01-09 22:55:25.159 [pool-2-thread-1] INFO  com.miladjafari.price.InMemoryPriceService - The batch transaction has been created for [pool-2-thread-1] thread
2022-01-09 22:55:25.159 [pool-2-thread-2] INFO  com.miladjafari.price.InMemoryPriceService - The batch transaction has been created for [pool-2-thread-2] thread
2022-01-09 22:55:25.164 [pool-2-thread-2] INFO  com.miladjafari.price.InMemoryPriceService - Start committing the transaction [pool-2-thread-2] ...
2022-01-09 22:55:25.165 [pool-2-thread-2] INFO  com.miladjafari.price.InMemoryPriceService - Transaction [pool-2-thread-2] has been successfully committed
2022-01-09 22:55:25.165 [pool-2-thread-1] INFO  com.miladjafari.price.InMemoryPriceService - Start committing the transaction [pool-2-thread-1] ...
2022-01-09 22:55:25.165 [pool-2-thread-1] INFO  com.miladjafari.price.InMemoryPriceService - Transaction [pool-2-thread-1] has been successfully committed
2022-01-09 23:31:17.826 [main] INFO  com.miladjafari.price.InMemoryPriceService - The batch transaction has been created for [main] thread
2022-01-09 23:31:17.878 [main] INFO  com.miladjafari.price.InMemoryPriceService - The batch transaction has been created for [main] thread
2022-01-09 23:31:17.879 [main] INFO  com.miladjafari.price.InMemoryPriceService - Start committing the transaction [main] ...
2022-01-09 23:31:17.880 [main] INFO  com.miladjafari.price.InMemoryPriceService - Transaction [main] has been successfully committed
2022-01-09 23:31:17.931 [pool-2-thread-2] INFO  com.miladjafari.price.InMemoryPriceService - The batch transaction has been created for [pool-2-thread-2] thread
2022-01-09 23:31:17.931 [pool-2-thread-1] INFO  com.miladjafari.price.InMemoryPriceService - The batch transaction has been created for [pool-2-thread-1] thread
2022-01-09 23:31:17.932 [pool-2-thread-2] INFO  com.miladjafari.price.InMemoryPriceService - Start committing the transaction [pool-2-thread-2] ...
2022-01-09 23:31:17.933 [pool-2-thread-2] INFO  com.miladjafari.price.InMemoryPriceService - Transaction [pool-2-thread-2] has been successfully committed
2022-01-09 23:31:17.933 [pool-2-thread-1] INFO  com.miladjafari.price.InMemoryPriceService - Start committing the transaction [pool-2-thread-1] ...
2022-01-09 23:31:17.934 [pool-2-thread-1] INFO  com.miladjafari.price.InMemoryPriceService - Transaction [pool-2-thread-1] has been successfully committed
2022-01-09 23:31:20.935 [pool-3-thread-1] INFO  com.miladjafari.price.InMemoryPriceService - The batch transaction has been created for [pool-3-thread-1] thread
2022-01-09 23:31:20.935 [pool-3-thread-2] INFO  com.miladjafari.price.InMemoryPriceService - The batch transaction has been created for [pool-3-thread-2] thread
2022-01-09 23:31:20.936 [pool-3-thread-1] INFO  com.miladjafari.price.InMemoryPriceService - Start committing the transaction [pool-3-thread-1] ...
2022-01-09 23:31:20.936 [pool-3-thread-1] INFO  com.miladjafari.price.InMemoryPriceService - Transaction [pool-3-thread-1] has been successfully committed
2022-01-09 23:31:46.977 [main] INFO  com.miladjafari.price.InMemoryPriceService - The batch transaction has been created for [main] thread
2022-01-09 23:31:47.029 [main] INFO  com.miladjafari.price.InMemoryPriceService - The batch transaction has been created for [main] thread
2022-01-09 23:31:47.029 [main] INFO  com.miladjafari.price.InMemoryPriceService - Start committing the transaction [main] ...
2022-01-09 23:31:47.030 [main] INFO  com.miladjafari.price.InMemoryPriceService - Transaction [main] has been successfully committed
2022-01-09 23:31:47.066 [pool-2-thread-1] INFO  com.miladjafari.price.InMemoryPriceService - The batch transaction has been created for [pool-2-thread-1] thread
2022-01-09 23:31:47.066 [pool-2-thread-2] INFO  com.miladjafari.price.InMemoryPriceService - The batch transaction has been created for [pool-2-thread-2] thread
2022-01-09 23:31:47.067 [pool-2-thread-2] INFO  com.miladjafari.price.InMemoryPriceService - Start committing the transaction [pool-2-thread-2] ...
2022-01-09 23:31:47.068 [pool-2-thread-2] INFO  com.miladjafari.price.InMemoryPriceService - Transaction [pool-2-thread-2] has been successfully committed
2022-01-09 23:31:47.068 [pool-2-thread-1] INFO  com.miladjafari.price.InMemoryPriceService - Start committing the transaction [pool-2-thread-1] ...
2022-01-09 23:31:47.068 [pool-2-thread-1] INFO  com.miladjafari.price.InMemoryPriceService - Transaction [pool-2-thread-1] has been successfully committed
2022-01-09 23:31:48.069 [pool-3-thread-1] INFO  com.miladjafari.price.InMemoryPriceService - The batch transaction has been created for [pool-3-thread-1] thread
2022-01-09 23:31:48.070 [pool-3-thread-2] INFO  com.miladjafari.price.InMemoryPriceService - The batch transaction has been created for [pool-3-thread-2] thread
2022-01-09 23:31:48.070 [pool-3-thread-1] INFO  com.miladjafari.price.InMemoryPriceService - Start committing the transaction [pool-3-thread-1] ...
2022-01-09 23:31:48.070 [pool-3-thread-1] INFO  com.miladjafari.price.InMemoryPriceService - Transaction [pool-3-thread-1] has been successfully committed
2022-01-09 23:36:00.785 [main] ERROR com.miladjafari.price.InMemoryPriceService - Could not found any transaction for thread [main]
2022-01-09 23:36:00.787 [main] INFO  com.miladjafari.price.InMemoryPriceService - Start committing the transaction [main] ...
2022-01-09 23:36:00.788 [main] ERROR com.miladjafari.price.InMemoryPriceService - Could not found any transaction for thread [main]
2022-01-09 23:36:00.788 [main] ERROR com.miladjafari.price.InMemoryPriceService - Committing transaction for thread [main] has been failed
2022-01-09 23:36:58.406 [main] ERROR com.miladjafari.price.InMemoryPriceService - Could not found any transaction for thread [main]
2022-01-09 23:36:58.408 [main] INFO  com.miladjafari.price.InMemoryPriceService - Start committing the transaction [main] ...
2022-01-09 23:36:58.408 [main] ERROR com.miladjafari.price.InMemoryPriceService - Could not found any transaction for thread [main]
2022-01-09 23:36:58.409 [main] ERROR com.miladjafari.price.InMemoryPriceService - Could not found any transaction for thread [main]
2022-01-09 23:38:37.462 [main] ERROR com.miladjafari.price.InMemoryPriceService - Could not found any transaction for thread [main]
2022-01-09 23:38:37.465 [main] ERROR com.miladjafari.price.InMemoryPriceService - Could not found any transaction for thread [main]
2022-01-09 23:38:37.465 [main] INFO  com.miladjafari.price.InMemoryPriceService - Start committing the transaction [main] ...
2022-01-09 23:38:37.465 [main] ERROR com.miladjafari.price.InMemoryPriceService - Could not found any transaction for thread [main]
2022-01-09 23:38:49.733 [main] ERROR com.miladjafari.price.InMemoryPriceService - Could not found any transaction for thread [main]
2022-01-09 23:38:49.737 [main] INFO  com.miladjafari.price.InMemoryPriceService - Start committing the transaction [main] ...
2022-01-09 23:38:49.738 [main] ERROR com.miladjafari.price.InMemoryPriceService - Could not found any transaction for thread [main]
2022-01-09 23:38:49.739 [main] ERROR com.miladjafari.price.InMemoryPriceService - Could not found any transaction for thread [main]
